[INFO] [MyListeners] [onStart] *** Test Suite Weather Forecast API Test started *** 
 [INFO] [MyListeners] [onTestStart] *** Running test method validateRainyDayWeather... 
 [ERROR] [BaseTest] [weatherReporter] Rain not forecasted for the city: Taipei 
 [INFO] [RetryFailedTests] [retry] Retrying validateRainyDayWeather again and the count is 1 
 [INFO] [MyListeners] [onTestStart] *** Running test method validateRainyDayWeather... 
 [ERROR] [BaseTest] [weatherReporter] Rain not forecasted for the city: Taipei 
 [INFO] [RetryFailedTests] [retry] Retrying validateRainyDayWeather again and the count is 2 
 [INFO] [MyListeners] [onTestStart] *** Running test method validateRainyDayWeather... 
 [ERROR] [BaseTest] [weatherReporter] Rain not forecasted for the city: Taipei 
 [ERROR] [MyListeners] [onTestFailure] *** Test execution validateRainyDayWeather failed... 
 [INFO] [MyListeners] [onTestStart] *** Running test method validateRainyDayWeather... 
 [ERROR] [BaseTest] [weatherReporter] Rain not forecasted for the city: Juneau 
 [INFO] [RetryFailedTests] [retry] Retrying validateRainyDayWeather again and the count is 1 
 [INFO] [MyListeners] [onTestStart] *** Running test method validateRainyDayWeather... 
 [ERROR] [BaseTest] [weatherReporter] Rain not forecasted for the city: Juneau 
 [INFO] [RetryFailedTests] [retry] Retrying validateRainyDayWeather again and the count is 2 
 [INFO] [MyListeners] [onTestStart] *** Running test method validateRainyDayWeather... 
 [ERROR] [BaseTest] [weatherReporter] Rain not forecasted for the city: Juneau 
 [ERROR] [MyListeners] [onTestFailure] *** Test execution validateRainyDayWeather failed... 
 [INFO] [MyListeners] [onTestStart] *** Running test method validateRainyDayWeather... 
 [ERROR] [BaseTest] [weatherReporter] Rain not forecasted for the city: Manchester 
 [INFO] [RetryFailedTests] [retry] Retrying validateRainyDayWeather again and the count is 1 
 [INFO] [MyListeners] [onTestStart] *** Running test method validateRainyDayWeather... 
 [ERROR] [BaseTest] [weatherReporter] Rain not forecasted for the city: Manchester 
 [INFO] [RetryFailedTests] [retry] Retrying validateRainyDayWeather again and the count is 2 
 [INFO] [MyListeners] [onTestStart] *** Running test method validateRainyDayWeather... 
 [ERROR] [BaseTest] [weatherReporter] Rain not forecasted for the city: Manchester 
 [ERROR] [MyListeners] [onTestFailure] *** Test execution validateRainyDayWeather failed... 
 [INFO] [MyListeners] [onTestStart] *** Running test method validateRainyDayWeather... 
 [ERROR] [BaseTest] [weatherReporter] Rain not forecasted for the city: Kochi 
 [INFO] [RetryFailedTests] [retry] Retrying validateRainyDayWeather again and the count is 1 
 [INFO] [MyListeners] [onTestStart] *** Running test method validateRainyDayWeather... 
 [ERROR] [BaseTest] [weatherReporter] Rain not forecasted for the city: Kochi 
 [INFO] [RetryFailedTests] [retry] Retrying validateRainyDayWeather again and the count is 2 
 [INFO] [MyListeners] [onTestStart] *** Running test method validateRainyDayWeather... 
 [ERROR] [BaseTest] [weatherReporter] Rain not forecasted for the city: Kochi 
 [ERROR] [MyListeners] [onTestFailure] *** Test execution validateRainyDayWeather failed... 
 [INFO] [MyListeners] [onTestStart] *** Running test method validateRainyDayWeather... 
 [ERROR] [BaseTest] [weatherReporter] Rain not forecasted for the city: Mumbai 
 [INFO] [RetryFailedTests] [retry] Retrying validateRainyDayWeather again and the count is 1 
 [INFO] [MyListeners] [onTestStart] *** Running test method validateRainyDayWeather... 
 [ERROR] [BaseTest] [weatherReporter] Rain not forecasted for the city: Mumbai 
 [INFO] [RetryFailedTests] [retry] Retrying validateRainyDayWeather again and the count is 2 
 [INFO] [MyListeners] [onTestStart] *** Running test method validateRainyDayWeather... 
 [ERROR] [BaseTest] [weatherReporter] Rain not forecasted for the city: Mumbai 
 [ERROR] [MyListeners] [onTestFailure] *** Test execution validateRainyDayWeather failed... 
 [INFO] [MyListeners] [onTestStart] *** Running test method validateRainyDayWeather... 
 [ERROR] [BaseTest] [weatherReporter] Rain not forecasted for the city: Patna 
 [INFO] [RetryFailedTests] [retry] Retrying validateRainyDayWeather again and the count is 1 
 [INFO] [MyListeners] [onTestStart] *** Running test method validateRainyDayWeather... 
 [ERROR] [BaseTest] [weatherReporter] Rain not forecasted for the city: Patna 
 [INFO] [RetryFailedTests] [retry] Retrying validateRainyDayWeather again and the count is 2 
 [INFO] [MyListeners] [onTestStart] *** Running test method validateRainyDayWeather... 
 [ERROR] [BaseTest] [weatherReporter] Rain not forecasted for the city: Patna 
 [ERROR] [MyListeners] [onTestFailure] *** Test execution validateRainyDayWeather failed... 
 [INFO] [MyListeners] [onTestStart] *** Running test method validateRainyDayWeather... 
 [ERROR] [BaseTest] [weatherReporter] Rain not forecasted for the city: Dubai 
 [INFO] [RetryFailedTests] [retry] Retrying validateRainyDayWeather again and the count is 1 
 [INFO] [MyListeners] [onTestStart] *** Running test method validateRainyDayWeather... 
 [ERROR] [BaseTest] [weatherReporter] Rain not forecasted for the city: Dubai 
 [INFO] [RetryFailedTests] [retry] Retrying validateRainyDayWeather again and the count is 2 
 [INFO] [MyListeners] [onTestStart] *** Running test method validateRainyDayWeather... 
 [ERROR] [BaseTest] [weatherReporter] Rain not forecasted for the city: Dubai 
 [ERROR] [MyListeners] [onTestFailure] *** Test execution validateRainyDayWeather failed... 
 [INFO] [MyListeners] [onTestStart] *** Running test method validateRainyDayWeather... 
 [INFO] [BaseTest] [weatherReporter] Rain forecasted for the city: Quibdo 
 [INFO] [MyListeners] [onTestSuccess] *** Executed validateRainyDayWeather test successfully... 
 [INFO] [MyListeners] [onTestStart] *** Running test method validateRainyDayWeather... 
 [ERROR] [BaseTest] [weatherReporter] Rain not forecasted for the city: Monrovia 
 [INFO] [RetryFailedTests] [retry] Retrying validateRainyDayWeather again and the count is 1 
 [INFO] [MyListeners] [onTestStart] *** Running test method validateRainyDayWeather... 
 [ERROR] [BaseTest] [weatherReporter] Rain not forecasted for the city: Monrovia 
 [INFO] [RetryFailedTests] [retry] Retrying validateRainyDayWeather again and the count is 2 
 [INFO] [MyListeners] [onTestStart] *** Running test method validateRainyDayWeather... 
 [ERROR] [BaseTest] [weatherReporter] Rain not forecasted for the city: Monrovia 
 [ERROR] [MyListeners] [onTestFailure] *** Test execution validateRainyDayWeather failed... 
 [INFO] [MyListeners] [onTestStart] *** Running test method validateRainyDayWeather... 
 [INFO] [BaseTest] [weatherReporter] Rain forecasted for the city: Hilo 
 [INFO] [MyListeners] [onTestSuccess] *** Executed validateRainyDayWeather test successfully... 
 [INFO] [MyListeners] [onTestStart] *** Running test method validateRainyDayWeather... 
 [INFO] [BaseTest] [weatherReporter] Rain forecasted for the city: Buenaventura 
 [INFO] [MyListeners] [onTestSuccess] *** Executed validateRainyDayWeather test successfully... 
 [INFO] [MyListeners] [onTestStart] *** Running test method validateRainyDayWeather... 
 [ERROR] [BaseTest] [weatherReporter] Rain not forecasted for the city: Belem 
 [INFO] [RetryFailedTests] [retry] Retrying validateRainyDayWeather again and the count is 1 
 [INFO] [MyListeners] [onTestStart] *** Running test method validateRainyDayWeather... 
 [ERROR] [BaseTest] [weatherReporter] Rain not forecasted for the city: Belem 
 [INFO] [RetryFailedTests] [retry] Retrying validateRainyDayWeather again and the count is 2 
 [INFO] [MyListeners] [onTestStart] *** Running test method validateRainyDayWeather... 
 [ERROR] [BaseTest] [weatherReporter] Rain not forecasted for the city: Belem 
 [ERROR] [MyListeners] [onTestFailure] *** Test execution validateRainyDayWeather failed... 
 [INFO] [MyListeners] [onTestStart] *** Running test method validateRainyDayWeather... 
 [ERROR] [BaseTest] [weatherReporter] Rain not forecasted for the city: Kuala Terengganu 
 [INFO] [RetryFailedTests] [retry] Retrying validateRainyDayWeather again and the count is 1 
 [INFO] [MyListeners] [onTestStart] *** Running test method validateRainyDayWeather... 
 [ERROR] [BaseTest] [weatherReporter] Rain not forecasted for the city: Kuala Terengganu 
 [INFO] [RetryFailedTests] [retry] Retrying validateRainyDayWeather again and the count is 2 
 [INFO] [MyListeners] [onTestStart] *** Running test method validateRainyDayWeather... 
 [ERROR] [BaseTest] [weatherReporter] Rain not forecasted for the city: Kuala Terengganu 
 [ERROR] [MyListeners] [onTestFailure] *** Test execution validateRainyDayWeather failed... 
 [INFO] [MyListeners] [onFinish] *** Test Suite Weather Forecast API Test ending *** 
 [INFO] [MyListeners] [onStart] *** Test Suite Weather Forecast API Test started *** 
 [INFO] [MyListeners] [onTestStart] *** Running test method validateRainyDayWeather... 
 [ERROR] [BaseTest] [weatherReporter] Rain not forecasted for the city: Taipei 
 [INFO] [RetryFailedTests] [retry] Retrying validateRainyDayWeather again and the count is 1 
 [INFO] [MyListeners] [onTestStart] *** Running test method validateRainyDayWeather... 
 [ERROR] [BaseTest] [weatherReporter] Rain not forecasted for the city: Taipei 
 [INFO] [RetryFailedTests] [retry] Retrying validateRainyDayWeather again and the count is 2 
 [INFO] [MyListeners] [onTestStart] *** Running test method validateRainyDayWeather... 
 [ERROR] [BaseTest] [weatherReporter] Rain not forecasted for the city: Taipei 
 [ERROR] [MyListeners] [onTestFailure] *** Test execution validateRainyDayWeather failed... 
 [INFO] [MyListeners] [onTestStart] *** Running test method validateRainyDayWeather... 
 [ERROR] [BaseTest] [weatherReporter] Rain not forecasted for the city: Juneau 
 [INFO] [RetryFailedTests] [retry] Retrying validateRainyDayWeather again and the count is 1 
 [INFO] [MyListeners] [onTestStart] *** Running test method validateRainyDayWeather... 
 [ERROR] [BaseTest] [weatherReporter] Rain not forecasted for the city: Juneau 
 [INFO] [RetryFailedTests] [retry] Retrying validateRainyDayWeather again and the count is 2 
 [INFO] [MyListeners] [onTestStart] *** Running test method validateRainyDayWeather... 
 [ERROR] [BaseTest] [weatherReporter] Rain not forecasted for the city: Juneau 
 [ERROR] [MyListeners] [onTestFailure] *** Test execution validateRainyDayWeather failed... 
 [INFO] [MyListeners] [onTestStart] *** Running test method validateRainyDayWeather... 
 [ERROR] [BaseTest] [weatherReporter] Rain not forecasted for the city: Manchester 
 [INFO] [RetryFailedTests] [retry] Retrying validateRainyDayWeather again and the count is 1 
 [INFO] [MyListeners] [onTestStart] *** Running test method validateRainyDayWeather... 
 [ERROR] [BaseTest] [weatherReporter] Rain not forecasted for the city: Manchester 
 [INFO] [RetryFailedTests] [retry] Retrying validateRainyDayWeather again and the count is 2 
 [INFO] [MyListeners] [onTestStart] *** Running test method validateRainyDayWeather... 
 [ERROR] [BaseTest] [weatherReporter] Rain not forecasted for the city: Manchester 
 [ERROR] [MyListeners] [onTestFailure] *** Test execution validateRainyDayWeather failed... 
 [INFO] [MyListeners] [onTestStart] *** Running test method validateRainyDayWeather... 
 [ERROR] [BaseTest] [weatherReporter] Rain not forecasted for the city: Kochi 
 [INFO] [RetryFailedTests] [retry] Retrying validateRainyDayWeather again and the count is 1 
 [INFO] [MyListeners] [onTestStart] *** Running test method validateRainyDayWeather... 
 [ERROR] [BaseTest] [weatherReporter] Rain not forecasted for the city: Kochi 
 [INFO] [RetryFailedTests] [retry] Retrying validateRainyDayWeather again and the count is 2 
 [INFO] [MyListeners] [onTestStart] *** Running test method validateRainyDayWeather... 
 [ERROR] [BaseTest] [weatherReporter] Rain not forecasted for the city: Kochi 
 [ERROR] [MyListeners] [onTestFailure] *** Test execution validateRainyDayWeather failed... 
 [INFO] [MyListeners] [onTestStart] *** Running test method validateRainyDayWeather... 
 [ERROR] [BaseTest] [weatherReporter] Rain not forecasted for the city: Mumbai 
 [INFO] [RetryFailedTests] [retry] Retrying validateRainyDayWeather again and the count is 1 
 [INFO] [MyListeners] [onTestStart] *** Running test method validateRainyDayWeather... 
 [ERROR] [BaseTest] [weatherReporter] Rain not forecasted for the city: Mumbai 
 [INFO] [RetryFailedTests] [retry] Retrying validateRainyDayWeather again and the count is 2 
 [INFO] [MyListeners] [onTestStart] *** Running test method validateRainyDayWeather... 
 [ERROR] [BaseTest] [weatherReporter] Rain not forecasted for the city: Mumbai 
 [ERROR] [MyListeners] [onTestFailure] *** Test execution validateRainyDayWeather failed... 
 [INFO] [MyListeners] [onTestStart] *** Running test method validateRainyDayWeather... 
 [ERROR] [BaseTest] [weatherReporter] Rain not forecasted for the city: Patna 
 [INFO] [RetryFailedTests] [retry] Retrying validateRainyDayWeather again and the count is 1 
 [INFO] [MyListeners] [onTestStart] *** Running test method validateRainyDayWeather... 
 [ERROR] [BaseTest] [weatherReporter] Rain not forecasted for the city: Patna 
 [INFO] [RetryFailedTests] [retry] Retrying validateRainyDayWeather again and the count is 2 
 [INFO] [MyListeners] [onTestStart] *** Running test method validateRainyDayWeather... 
 [ERROR] [BaseTest] [weatherReporter] Rain not forecasted for the city: Patna 
 [ERROR] [MyListeners] [onTestFailure] *** Test execution validateRainyDayWeather failed... 
 [INFO] [MyListeners] [onTestStart] *** Running test method validateRainyDayWeather... 
 [ERROR] [BaseTest] [weatherReporter] Rain not forecasted for the city: Dubai 
 [INFO] [RetryFailedTests] [retry] Retrying validateRainyDayWeather again and the count is 1 
 [INFO] [MyListeners] [onTestStart] *** Running test method validateRainyDayWeather... 
 [ERROR] [BaseTest] [weatherReporter] Rain not forecasted for the city: Dubai 
 [INFO] [RetryFailedTests] [retry] Retrying validateRainyDayWeather again and the count is 2 
 [INFO] [MyListeners] [onTestStart] *** Running test method validateRainyDayWeather... 
 [ERROR] [BaseTest] [weatherReporter] Rain not forecasted for the city: Dubai 
 [ERROR] [MyListeners] [onTestFailure] *** Test execution validateRainyDayWeather failed... 
 [INFO] [MyListeners] [onTestStart] *** Running test method validateRainyDayWeather... 
 [INFO] [BaseTest] [weatherReporter] Rain forecasted for the city: Quibdo 
 [INFO] [MyListeners] [onTestSuccess] *** Executed validateRainyDayWeather test successfully... 
 [INFO] [MyListeners] [onTestStart] *** Running test method validateRainyDayWeather... 
 [ERROR] [BaseTest] [weatherReporter] Rain not forecasted for the city: Monrovia 
 [INFO] [RetryFailedTests] [retry] Retrying validateRainyDayWeather again and the count is 1 
 [INFO] [MyListeners] [onTestStart] *** Running test method validateRainyDayWeather... 
 [ERROR] [BaseTest] [weatherReporter] Rain not forecasted for the city: Monrovia 
 [INFO] [RetryFailedTests] [retry] Retrying validateRainyDayWeather again and the count is 2 
 [INFO] [MyListeners] [onTestStart] *** Running test method validateRainyDayWeather... 
 [ERROR] [BaseTest] [weatherReporter] Rain not forecasted for the city: Monrovia 
 [ERROR] [MyListeners] [onTestFailure] *** Test execution validateRainyDayWeather failed... 
 [INFO] [MyListeners] [onTestStart] *** Running test method validateRainyDayWeather... 
 [INFO] [BaseTest] [weatherReporter] Rain forecasted for the city: Hilo 
 [INFO] [MyListeners] [onTestSuccess] *** Executed validateRainyDayWeather test successfully... 
 [INFO] [MyListeners] [onTestStart] *** Running test method validateRainyDayWeather... 
 [INFO] [BaseTest] [weatherReporter] Rain forecasted for the city: Buenaventura 
 [INFO] [MyListeners] [onTestSuccess] *** Executed validateRainyDayWeather test successfully... 
 [INFO] [MyListeners] [onTestStart] *** Running test method validateRainyDayWeather... 
 [ERROR] [BaseTest] [weatherReporter] Rain not forecasted for the city: Belem 
 [INFO] [RetryFailedTests] [retry] Retrying validateRainyDayWeather again and the count is 1 
 [INFO] [MyListeners] [onTestStart] *** Running test method validateRainyDayWeather... 
 [ERROR] [BaseTest] [weatherReporter] Rain not forecasted for the city: Belem 
 [INFO] [RetryFailedTests] [retry] Retrying validateRainyDayWeather again and the count is 2 
 [INFO] [MyListeners] [onTestStart] *** Running test method validateRainyDayWeather... 
 [ERROR] [BaseTest] [weatherReporter] Rain not forecasted for the city: Belem 
 [ERROR] [MyListeners] [onTestFailure] *** Test execution validateRainyDayWeather failed... 
 [INFO] [MyListeners] [onTestStart] *** Running test method validateRainyDayWeather... 
 [ERROR] [BaseTest] [weatherReporter] Rain not forecasted for the city: Kuala Terengganu 
 [INFO] [RetryFailedTests] [retry] Retrying validateRainyDayWeather again and the count is 1 
 [INFO] [MyListeners] [onTestStart] *** Running test method validateRainyDayWeather... 
 [ERROR] [BaseTest] [weatherReporter] Rain not forecasted for the city: Kuala Terengganu 
 [INFO] [RetryFailedTests] [retry] Retrying validateRainyDayWeather again and the count is 2 
 [INFO] [MyListeners] [onTestStart] *** Running test method validateRainyDayWeather... 
 [ERROR] [BaseTest] [weatherReporter] Rain not forecasted for the city: Kuala Terengganu 
 [ERROR] [MyListeners] [onTestFailure] *** Test execution validateRainyDayWeather failed... 
 [INFO] [MyListeners] [onFinish] *** Test Suite Weather Forecast API Test ending *** 
 